01. Provoke FOUR Bad Inputs
===========================
HTTP/1.1 400 Bad Request
Content-Length: 56
Content-Type: application/json
Fiware-Correlator: 15394b40-56f2-11ea-9d65-0242ac110002
Date: Mon, 24 Feb 2020 10:40:32 GMT

{
    "description": "service not found", 
    "error": "BadRequest"
}
HTTP/1.1 400 Bad Request
Content-Length: 75
Content-Type: application/json
Fiware-Correlator: 15a53ecc-56f2-11ea-bcd5-0242ac110002
Date: Mon, 24 Feb 2020 10:40:33 GMT

{
    "description": "Errors found in incoming JSON buffer", 
    "error": "ParseError"
}
HTTP/1.1 405 Method Not Allowed
Content-Length: 63
Content-Type: application/json
Allow: POST, GET
Fiware-Correlator: 1613101e-56f2-11ea-82c9-0242ac110002
Date: Mon, 24 Feb 2020 10:40:34 GMT

{
    "description": "method not allowed", 
    "error": "MethodNotAllowed"
}
HTTP/1.1 411 Length Required
Content-Length: 98
Content-Type: application/json
Fiware-Correlator: 16803bbc-56f2-11ea-aaaf-0242ac110002
Date: Mon, 24 Feb 2020 10:40:34 GMT

{
    "description": "Zero/No Content-Length in PUT/POST/PATCH request", 
    "error": "ContentLengthRequired"
}


02. Sleep 3 secs, awaiting a log summary report
===============================================


03. grep SUMMARY in log-file (4 transactions, 1 bad input)
==========================================================
Transactions: 3 _new: 3_
DB status: ok, raised: _total: 0, new: 0_, released: _total: 0, new: 0_
Notification failure active alarms: 0, raised: _total: 0, new: 0_, released: _total: 0, new: 0_
Bad input active alarms: 1, raised: _total: 1, new: 1_, released: _total: 0, new: 0_
Transactions: 4 _new: 1_
DB status: ok, raised: _total: 0, new: 0_, released: _total: 0, new: 0_
Notification failure active alarms: 0, raised: _total: 0, new: 0_, released: _total: 0, new: 0_
Bad input active alarms: 1, raised: _total: 1, new: 0_, released: _total: 0, new: 0_


04. grep BadInput in log-file (4 lines found)
=============================================
Raising alarm BadInput 0.0.0.0: service '/v2/noService' not found
Repeated BadInput 0.0.0.0: JSON parse error
Repeated BadInput 0.0.0.0: bad verb for url '/v2/entities', method 'GETT'
Repeated BadInput 0.0.0.0: {"error":"ContentLengthRequired","description":"Zero/No Content-Length in PUT/POST/PATCH request"}


