01. Provoke FOUR Bad Inputs
===========================
HTTP/1.1 400 Bad Request
Content-Length: 97
Content-Type: application/json
Fiware-Correlator: cb72b13a-8d01-11eb-9506-0242ac110002
Date: Thu, 25 Mar 2021 00:34:01 GMT

{
    "description": "Service not found. Check your URL as probably it is wrong.", 
    "error": "BadRequest"
}
HTTP/1.1 400 Bad Request
Content-Length: 75
Content-Type: application/json
Fiware-Correlator: cb81957e-8d01-11eb-ad0b-0242ac110002
Date: Thu, 25 Mar 2021 00:34:01 GMT

{
    "description": "Errors found in incoming JSON buffer", 
    "error": "ParseError"
}
HTTP/1.1 405 Method Not Allowed
Content-Length: 63
Content-Type: application/json
Allow: POST, GET
Fiware-Correlator: cb905a6e-8d01-11eb-9a15-0242ac110002
Date: Thu, 25 Mar 2021 00:34:01 GMT

{
    "description": "method not allowed", 
    "error": "MethodNotAllowed"
}
HTTP/1.1 411 Length Required
Content-Length: 98
Content-Type: application/json
Fiware-Correlator: cb9f1a5e-8d01-11eb-8d0e-0242ac110002
Date: Thu, 25 Mar 2021 00:34:01 GMT

{
    "description": "Zero/No Content-Length in PUT/POST/PATCH request", 
    "error": "ContentLengthRequired"
}


02. Sleep 3 secs, awaiting a log summary report
===============================================


03. grep SUMMARY in log-file (4 transactions, 1 bad input)
==========================================================
Transactions: 0 _new: 0_
DB status: ok, raised: _total: 0, new: 0_, released: _total: 0, new: 0_
Notification failure active alarms: 0, raised: _total: 0, new: 0_, released: _total: 0, new: 0_
Bad input active alarms: 0, raised: _total: 0, new: 0_, released: _total: 0, new: 0_
Transactions: 4 _new: 4_
DB status: ok, raised: _total: 0, new: 0_, released: _total: 0, new: 0_
Notification failure active alarms: 0, raised: _total: 0, new: 0_, released: _total: 0, new: 0_
Bad input active alarms: 1, raised: _total: 1, new: 1_, released: _total: 0, new: 0_


04. grep BadInput in log-file (4 lines found)
=============================================
Raising alarm BadInput 0.0.0.0: service '/v2/noService' not found
Repeated BadInput 0.0.0.0: JSON parse error
Repeated BadInput 0.0.0.0: bad verb for url '/v2/entities', method 'GETT'
Repeated BadInput 0.0.0.0: {"error":"ContentLengthRequired","description":"Zero/No Content-Length in PUT/POST/PATCH request"}


